<?xml version="1.0" encoding="UTF-8"?>
<!-- Generated by org.testng.reporters.JUnitReportReporter -->
<testsuite hostname="LAPTOP-DMR4BU8U" failures="0" tests="2" name="sidePJTest.test.LoginTest" time="20.697" errors="0" timestamp="2025-10-01T22:26:58 KST" skipped="0">
  <testcase classname="sidePJTest.test.LoginTest" name="testValidLogin" time="10.607"/>
  <testcase classname="sidePJTest.test.LoginTest" name="testValidLogin" time="10.090"/>
</testsuite> <!-- sidePJTest.test.LoginTest -->
