<?xml version="1.0" encoding="UTF-8"?>
<!-- Generated by org.testng.reporters.JUnitReportReporter -->
<testsuite hostname="LAPTOP-DMR4BU8U" failures="0" tests="2" name="sidePJTest.test.LoginTest" time="24.517" errors="0" timestamp="2025-10-02T22:12:24 KST" skipped="0">
  <testcase classname="sidePJTest.test.LoginTest" name="testValidLogin" time="8.677"/>
  <testcase classname="sidePJTest.test.LoginTest" name="testValidLogin" time="15.840"/>
</testsuite> <!-- sidePJTest.test.LoginTest -->
