<?xml version="1.0" encoding="UTF-8"?>
<!-- Generated by org.testng.reporters.JUnitReportReporter -->
<testsuite hostname="LAPTOP-DMR4BU8U" failures="0" tests="2" name="sidePJTest.test.LoginTest" time="26.770" errors="0" timestamp="2025-10-03T00:13:37 KST" skipped="0">
  <testcase classname="sidePJTest.test.LoginTest" name="testValidLogin" time="16.857"/>
  <testcase classname="sidePJTest.test.LoginTest" name="testValidLogin" time="9.913"/>
</testsuite> <!-- sidePJTest.test.LoginTest -->
