<?xml version="1.0" encoding="UTF-8"?>
<!-- Generated by org.testng.reporters.JUnitReportReporter -->
<testsuite hostname="LAPTOP-DMR4BU8U" failures="0" tests="2" name="test.java.sidePJTest.test.LoginTest" time="14.010" errors="0" timestamp="2025-09-25T22:20:13 KST" skipped="0">
  <testcase classname="test.java.sidePJTest.test.LoginTest" name="testValidLogin" time="6.452"/>
  <testcase classname="test.java.sidePJTest.test.LoginTest" name="testValidLogin" time="7.558"/>
</testsuite> <!-- test.java.sidePJTest.test.LoginTest -->
