<?xml version="1.0" encoding="UTF-8"?>
<!-- Generated by org.testng.reporters.JUnitReportReporter -->
<testsuite hostname="LAPTOP-DMR4BU8U" failures="0" tests="2" name="sidePJTest.test.LoginTest" time="28.954" errors="0" timestamp="2025-09-30T23:51:21 KST" skipped="0">
  <testcase classname="sidePJTest.test.LoginTest" name="testValidLogin" time="15.149"/>
  <testcase classname="sidePJTest.test.LoginTest" name="testValidLogin" time="13.805"/>
</testsuite> <!-- sidePJTest.test.LoginTest -->
